#
# An unexpected error has been detected by Java Runtime Environment:
#
#  Internal Error (434C41535326494C453041525345520E4350500AB6), pid=5992, tid=1244
#
# Java VM: Java HotSpot(TM) Client VM (1.6.0-b105 mixed mode)
# If you would like to submit a bug report, please visit:
#   http://java.sun.com/webapps/bugreport/crash.jsp
#

---------------  T H R E A D  ---------------

Current thread (0x004b7800):  JavaThread "Unknown thread" [_thread_in_vm, id=1244]

Stack: [0x00430000,0x00480000)
[error occurred during error reporting, step 110, id 0xc00000fd]

Native frames: (J=compiled Java code, j=interpreted, Vv=VM code, C=native code)
C  [javaw.exe+0xc07c]
C  [javaw.exe+0x7d35]
C  [kernel32.dll+0x133aa]
C  [ntdll.dll+0x39ef2]
C  [ntdll.dll+0x39ec5]


---------------  P R O C E S S  ---------------

Java Threads: ( => current thread )

Other Threads:

VM state:not at safepoint (not fully initilizated)

VM Mutex/Monitor currently owned by a thread: None

Heap
 def new generation   total 960K, used 0K [0x04550000, 0x04650000, 0x04a30000)
  eden space 896K,   0% used [0x04550000, 0x04550000, 0x04630000)
  from space 64K,   0% used [0x04630000, 0x04630000, 0x04640000)
  to   space 64K,   0% used [0x04640000, 0x04640000, 0x04650000)
 tenured generation   total 4096K, used 0K [0x04a30000, 0x04e30000, 0x08550000)
   the space 4096K,   0% used [0x04a30000, 0x04a30000, 0x04a30200, 0x04e30000)
 compacting perm gen  total 12288K, used 100K [0x08550000, 0x09150000, 0x0c550000)
   the space 12288K,   0% used [0x08550000, 0x08569388, 0x08569400, 0x09150000)
No shared spaces configured.

Dynamic libraries:
0x00400000 - 0x00423000 	D:\Program Files (x86)\Java\jdk1.6.0\bin\javaw.exe
0x76ef0000 - 0x77070000 	C:\Windows\SysWOW64\ntdll.dll
0x74ac0000 - 0x74bd0000 	C:\Windows\syswow64\kernel32.dll
0x74cc0000 - 0x74d07000 	C:\Windows\syswow64\KERNELBASE.dll
0x74760000 - 0x74800000 	C:\Windows\syswow64\ADVAPI32.dll
0x75ee0000 - 0x75f8c000 	C:\Windows\syswow64\msvcrt.dll
0x76240000 - 0x76259000 	C:\Windows\SysWOW64\sechost.dll
0x74810000 - 0x74900000 	C:\Windows\syswow64\RPCRT4.dll
0x74140000 - 0x741a0000 	C:\Windows\syswow64\SspiCli.dll
0x74130000 - 0x7413c000 	C:\Windows\syswow64\CRYPTBASE.dll
0x741a0000 - 0x742a0000 	C:\Windows\syswow64\USER32.dll
0x74fa0000 - 0x75030000 	C:\Windows\syswow64\GDI32.dll
0x745a0000 - 0x745aa000 	C:\Windows\syswow64\LPK.dll
0x76040000 - 0x760dd000 	C:\Windows\syswow64\USP10.dll
0x74bd0000 - 0x74c30000 	C:\Windows\system32\IMM32.DLL
0x74320000 - 0x743ec000 	C:\Windows\syswow64\MSCTF.dll
0x7c340000 - 0x7c396000 	D:\Program Files (x86)\Java\jdk1.6.0\jre\bin\msvcr71.dll
0x6d7c0000 - 0x6da07000 	D:\Program Files (x86)\Java\jdk1.6.0\jre\bin\client\jvm.dll
0x75d30000 - 0x75d62000 	C:\Windows\syswow64\WINMM.dll
0x71b90000 - 0x71bdc000 	C:\Windows\system32\apphelp.dll
0x6d310000 - 0x6d318000 	D:\Program Files (x86)\Java\jdk1.6.0\jre\bin\hpi.dll
0x74750000 - 0x74755000 	C:\Windows\syswow64\PSAPI.DLL
0x6d770000 - 0x6d77c000 	D:\Program Files (x86)\Java\jdk1.6.0\jre\bin\verify.dll
0x6d3b0000 - 0x6d3cf000 	D:\Program Files (x86)\Java\jdk1.6.0\jre\bin\java.dll
0x6d7b0000 - 0x6d7bf000 	D:\Program Files (x86)\Java\jdk1.6.0\jre\bin\zip.dll

VM Arguments:
jvm_args: -Dfile.encoding=GBK -Xbootclasspath:D:\android\tools\adt-bundle-windows-x86-20130219\sdk\platforms\android-15\android.jar
java_command: com.google.zxing.client.android.book.Test
Launcher Type: SUN_STANDARD

Environment Variables:
JAVA_HOME=D:\Program Files (x86)\Java\jdk1.6.0
CLASSPATH=.;D:\Program Files (x86)\Java\jdk1.6.0\lib;D:\Program Files (x86)\Java\jdk1.6.0\lib\tools.jar
PATH=D:/Program Files (x86)/Java/jdk1.6.0/bin/../jre/bin/client;D:/Program Files (x86)/Java/jdk1.6.0/bin/../jre/bin;D:/Program Files (x86)/Java/jdk1.6.0/bin/../jre/lib/i386;;D:\Program Files (x86)\Java\jdk1.6.0\bin;D:\Program Files (x86)\Java\jdk1.6.0\jre\bin;C:\Windows\System32;D:\android\tools\adt-bundle-windows-x86-20130219\eclipse;
USERNAME=Administrator
OS=Windows_NT
PROCESSOR_IDENTIFIER=Intel64 Family 6 Model 58 Stepping 9, GenuineIntel



---------------  S Y S T E M  ---------------

OS: Windows NT 6.1 Build 7601 Service Pack 1

CPU:total 4 family 6, cmov, cx8, fxsr, mmx, sse, sse2

Memory: 4k page, physical 4194303k(4194303k free), swap 4194303k(4194303k free)

vm_info: Java HotSpot(TM) Client VM (1.6.0-b105) for windows-x86, built on Nov 29 2006 00:48:48 by "java_re" with unknown MS VC++:1310

